20:56:00  [main] 	Initializing Control Panel
20:56:00  [main] 	Windows Version:  Home  64-bit
20:56:00  [main] 	XAMPP Version: 5.6.38
20:56:00  [main] 	Control Panel Version: 3.2.2  [ Compiled: Nov 12th 2015 ]
20:56:00  [main] 	You are not running with administrator rights! This will work for
20:56:00  [main] 	most application stuff but whenever you do something with services
20:56:00  [main] 	there will be a security dialogue or things will break! So think 
20:56:00  [main] 	about running this application with administrator rights!
20:56:00  [main] 	XAMPP Installation Directory: "c:\users\akhan\downloads\xampp-win32-5.6.38-0-vc11\xampp\"
20:56:00  [main] 	Checking for prerequisites
20:56:01  [main] 	All prerequisites found
20:56:01  [main] 	Initializing Modules
20:56:01  [main] 	Starting Check-Timer
20:56:01  [main] 	Control Panel Ready
20:56:19  [Apache] 	Attempting to start Apache app...
20:56:19  [Apache] 	Status change detected: running
20:56:57  [mysql] 	Attempting to start MySQL app...
20:56:57  [mysql] 	Status change detected: running
23:13:45  [mysql] 	Attempting to stop MySQL app...
23:13:46  [mysql] 	Status change detected: stopped
23:13:57  [Apache] 	Attempting to stop Apache (PID: 12368)
23:13:57  [Apache] 	Attempting to stop Apache (PID: 10356)
23:13:58  [Apache] 	Status change detected: stopped
23:47:35  [main] 	Deinitializing Modules
23:47:35  [main] 	Deinitializing Control Panel

00:26:00  [main] 	Initializing Control Panel
00:26:00  [main] 	Windows Version:  Home  64-bit
00:26:00  [main] 	XAMPP Version: 5.6.38
00:26:00  [main] 	Control Panel Version: 3.2.2  [ Compiled: Nov 12th 2015 ]
00:26:00  [main] 	You are not running with administrator rights! This will work for
00:26:00  [main] 	most application stuff but whenever you do something with services
00:26:00  [main] 	there will be a security dialogue or things will break! So think 
00:26:00  [main] 	about running this application with administrator rights!
00:26:00  [main] 	XAMPP Installation Directory: "c:\users\akhan\downloads\xampp-win32-5.6.38-0-vc11\xampp\"
00:26:00  [main] 	Checking for prerequisites
00:26:00  [main] 	All prerequisites found
00:26:00  [main] 	Initializing Modules
00:26:00  [main] 	Starting Check-Timer
00:26:00  [main] 	Control Panel Ready
00:26:02  [Apache] 	Attempting to start Apache app...
00:26:02  [Apache] 	Status change detected: running
00:26:04  [mysql] 	Attempting to start MySQL app...
00:26:05  [mysql] 	Status change detected: running
00:26:09  [mysql] 	Attempting to stop MySQL app...
00:26:09  [mysql] 	Status change detected: stopped
01:51:00  [Apache] 	Attempting to stop Apache (PID: 904)
01:51:00  [Apache] 	Attempting to stop Apache (PID: 4032)
01:51:00  [Apache] 	Status change detected: stopped
02:40:45  [main] 	Deinitializing Modules
02:40:45  [main] 	Deinitializing Control Panel

00:08:06  [main] 	Initializing Control Panel
00:08:06  [main] 	Windows Version:  Home  64-bit
00:08:06  [main] 	XAMPP Version: 5.6.38
00:08:06  [main] 	Control Panel Version: 3.2.2  [ Compiled: Nov 12th 2015 ]
00:08:06  [main] 	You are not running with administrator rights! This will work for
00:08:06  [main] 	most application stuff but whenever you do something with services
00:08:06  [main] 	there will be a security dialogue or things will break! So think 
00:08:06  [main] 	about running this application with administrator rights!
00:08:06  [main] 	XAMPP Installation Directory: "c:\users\akhan\downloads\xampp-win32-5.6.38-0-vc11\xampp\"
00:08:06  [main] 	Checking for prerequisites
00:08:06  [main] 	All prerequisites found
00:08:06  [main] 	Initializing Modules
00:08:06  [main] 	Starting Check-Timer
00:08:06  [main] 	Control Panel Ready
00:08:11  [Apache] 	Attempting to start Apache app...
00:08:11  [Apache] 	Status change detected: running
01:19:56  [Apache] 	Attempting to stop Apache (PID: 2544)
01:19:56  [Apache] 	Attempting to stop Apache (PID: 9700)
01:19:57  [Apache] 	Status change detected: stopped
03:25:55  [main] 	Deinitializing Modules
03:25:55  [main] 	Deinitializing Control Panel

21:13:21  [main] 	Initializing Control Panel
21:13:21  [main] 	Windows Version:  Home  64-bit
21:13:21  [main] 	XAMPP Version: 5.6.38
21:13:21  [main] 	Control Panel Version: 3.2.2  [ Compiled: Nov 12th 2015 ]
21:13:21  [main] 	You are not running with administrator rights! This will work for
21:13:21  [main] 	most application stuff but whenever you do something with services
21:13:21  [main] 	there will be a security dialogue or things will break! So think 
21:13:21  [main] 	about running this application with administrator rights!
21:13:21  [main] 	XAMPP Installation Directory: "c:\users\akhan\downloads\xampp-win32-5.6.38-0-vc11\xampp\"
21:13:21  [main] 	Checking for prerequisites
21:13:21  [main] 	All prerequisites found
21:13:21  [main] 	Initializing Modules
21:13:21  [main] 	Starting Check-Timer
21:13:21  [main] 	Control Panel Ready
21:13:49  [Apache] 	Attempting to start Apache app...
21:13:50  [Apache] 	Status change detected: running
23:00:08  [Apache] 	Attempting to stop Apache (PID: 9288)
23:00:08  [Apache] 	Attempting to stop Apache (PID: 3948)
23:00:08  [Apache] 	Status change detected: stopped
23:00:19  [main] 	Deinitializing Modules
23:00:19  [main] 	Deinitializing Control Panel

22:08:04  [main] 	Initializing Control Panel
22:08:04  [main] 	Windows Version:  Home  64-bit
22:08:04  [main] 	XAMPP Version: 5.6.38
22:08:04  [main] 	Control Panel Version: 3.2.2  [ Compiled: Nov 12th 2015 ]
22:08:04  [main] 	You are not running with administrator rights! This will work for
22:08:04  [main] 	most application stuff but whenever you do something with services
22:08:04  [main] 	there will be a security dialogue or things will break! So think 
22:08:04  [main] 	about running this application with administrator rights!
22:08:04  [main] 	XAMPP Installation Directory: "c:\users\akhan\downloads\xampp-win32-5.6.38-0-vc11\xampp\"
22:08:04  [main] 	Checking for prerequisites
22:08:05  [main] 	All prerequisites found
22:08:05  [main] 	Initializing Modules
22:08:05  [main] 	Starting Check-Timer
22:08:05  [main] 	Control Panel Ready
22:08:07  [Apache] 	Attempting to start Apache app...
22:08:08  [Apache] 	Status change detected: running
22:19:31  [Apache] 	Attempting to stop Apache (PID: 10052)
22:19:31  [Apache] 	Attempting to stop Apache (PID: 6220)
22:19:32  [Apache] 	Status change detected: stopped
04:58:20  [main] 	Deinitializing Modules
04:58:20  [main] 	Deinitializing Control Panel

22:38:30  [main] 	Initializing Control Panel
22:38:30  [main] 	Windows Version:  Home  64-bit
22:38:30  [main] 	XAMPP Version: 5.6.38
22:38:30  [main] 	Control Panel Version: 3.2.2  [ Compiled: Nov 12th 2015 ]
22:38:30  [main] 	You are not running with administrator rights! This will work for
22:38:30  [main] 	most application stuff but whenever you do something with services
22:38:30  [main] 	there will be a security dialogue or things will break! So think 
22:38:30  [main] 	about running this application with administrator rights!
22:38:30  [main] 	XAMPP Installation Directory: "c:\users\akhan\downloads\xampp-win32-5.6.38-0-vc11\xampp\"
22:38:30  [main] 	Checking for prerequisites
22:38:30  [main] 	All prerequisites found
22:38:30  [main] 	Initializing Modules
22:38:30  [main] 	Starting Check-Timer
22:38:30  [main] 	Control Panel Ready
22:38:32  [Apache] 	Attempting to start Apache app...
22:38:33  [Apache] 	Status change detected: running
22:38:33  [mysql] 	Attempting to start MySQL app...
22:38:33  [mysql] 	Status change detected: running
02:09:00  [Apache] 	Attempting to stop Apache (PID: 14940)
02:09:00  [Apache] 	Attempting to stop Apache (PID: 15716)
02:09:00  [Apache] 	Status change detected: stopped
02:09:01  [mysql] 	Attempting to stop MySQL app...
02:09:01  [mysql] 	Status change detected: stopped
02:09:16  [main] 	Deinitializing Modules
02:09:16  [main] 	Deinitializing Control Panel

20:04:52  [main] 	Initializing Control Panel
20:04:52  [main] 	Windows Version:  Home  64-bit
20:04:52  [main] 	XAMPP Version: 5.6.38
20:04:52  [main] 	Control Panel Version: 3.2.2  [ Compiled: Nov 12th 2015 ]
20:04:52  [main] 	You are not running with administrator rights! This will work for
20:04:52  [main] 	most application stuff but whenever you do something with services
20:04:52  [main] 	there will be a security dialogue or things will break! So think 
20:04:52  [main] 	about running this application with administrator rights!
20:04:52  [main] 	XAMPP Installation Directory: "c:\users\akhan\downloads\xampp-win32-5.6.38-0-vc11\xampp\"
20:04:52  [main] 	Checking for prerequisites
20:04:52  [main] 	All prerequisites found
20:04:52  [main] 	Initializing Modules
20:04:52  [main] 	Starting Check-Timer
20:04:52  [main] 	Control Panel Ready
20:05:00  [Apache] 	Attempting to start Apache app...
20:05:00  [Apache] 	Status change detected: running
20:05:00  [mysql] 	Attempting to start MySQL app...
20:05:01  [mysql] 	Status change detected: running
23:21:08  [Apache] 	Attempting to stop Apache (PID: 20652)
23:21:08  [Apache] 	Attempting to stop Apache (PID: 18956)
23:21:09  [Apache] 	Status change detected: stopped
23:21:09  [mysql] 	Attempting to stop MySQL app...
23:21:10  [mysql] 	Status change detected: stopped
23:28:03  [main] 	Deinitializing Modules
23:28:03  [main] 	Deinitializing Control Panel

19:26:59  [main] 	Initializing Control Panel
19:26:59  [main] 	Windows Version:  Home  64-bit
19:26:59  [main] 	XAMPP Version: 5.6.38
19:26:59  [main] 	Control Panel Version: 3.2.2  [ Compiled: Nov 12th 2015 ]
19:26:59  [main] 	You are not running with administrator rights! This will work for
19:26:59  [main] 	most application stuff but whenever you do something with services
19:26:59  [main] 	there will be a security dialogue or things will break! So think 
19:26:59  [main] 	about running this application with administrator rights!
19:26:59  [main] 	XAMPP Installation Directory: "c:\users\akhan\downloads\xampp-win32-5.6.38-0-vc11\xampp\"
19:26:59  [main] 	Checking for prerequisites
19:27:00  [main] 	All prerequisites found
19:27:00  [main] 	Initializing Modules
19:27:00  [main] 	Starting Check-Timer
19:27:00  [main] 	Control Panel Ready
19:27:03  [Apache] 	Attempting to start Apache app...
19:27:03  [Apache] 	Status change detected: running
19:27:04  [mysql] 	Attempting to start MySQL app...
19:27:04  [mysql] 	Status change detected: running
00:29:07  [Apache] 	Attempting to stop Apache (PID: 14024)
00:29:07  [Apache] 	Attempting to stop Apache (PID: 11200)
00:29:07  [Apache] 	Status change detected: stopped
00:29:11  [mysql] 	Attempting to stop MySQL app...
00:29:11  [mysql] 	Status change detected: stopped
03:29:07  [main] 	Deinitializing Modules
03:29:07  [main] 	Deinitializing Control Panel

21:40:39  [main] 	Initializing Control Panel
21:40:39  [main] 	Windows Version:  Home  64-bit
21:40:39  [main] 	XAMPP Version: 5.6.38
21:40:39  [main] 	Control Panel Version: 3.2.2  [ Compiled: Nov 12th 2015 ]
21:40:39  [main] 	You are not running with administrator rights! This will work for
21:40:39  [main] 	most application stuff but whenever you do something with services
21:40:39  [main] 	there will be a security dialogue or things will break! So think 
21:40:39  [main] 	about running this application with administrator rights!
21:40:39  [main] 	XAMPP Installation Directory: "c:\users\akhan\downloads\xampp-win32-5.6.38-0-vc11\xampp\"
21:40:39  [main] 	Checking for prerequisites
21:40:39  [main] 	All prerequisites found
21:40:39  [main] 	Initializing Modules
21:40:39  [mysql] 	XAMPP MySQL is already running on port 3306
21:40:39  [main] 	Starting Check-Timer
21:40:39  [main] 	Control Panel Ready
21:40:43  [Apache] 	Attempting to start Apache app...
21:40:43  [Apache] 	Status change detected: running
21:40:46  [mysql] 	Attempting to stop MySQL app...
21:40:46  [mysql] 	Status change detected: stopped
21:40:46  [mysql] 	Attempting to start MySQL app...
21:40:47  [mysql] 	Status change detected: running
03:32:52  [main] 	Deinitializing Modules
03:32:52  [main] 	Deinitializing Control Panel

19:57:40  [main] 	Initializing Control Panel
19:57:40  [main] 	Windows Version:  Home  64-bit
19:57:40  [main] 	XAMPP Version: 5.6.38
19:57:40  [main] 	Control Panel Version: 3.2.2  [ Compiled: Nov 12th 2015 ]
19:57:40  [main] 	You are not running with administrator rights! This will work for
19:57:40  [main] 	most application stuff but whenever you do something with services
19:57:40  [main] 	there will be a security dialogue or things will break! So think 
19:57:40  [main] 	about running this application with administrator rights!
19:57:40  [main] 	XAMPP Installation Directory: "c:\users\akhan\downloads\xampp-win32-5.6.38-0-vc11\xampp\"
19:57:40  [main] 	Checking for prerequisites
19:57:41  [main] 	All prerequisites found
19:57:41  [main] 	Initializing Modules
19:57:41  [main] 	Starting Check-Timer
19:57:41  [main] 	Control Panel Ready
19:57:43  [Apache] 	Attempting to start Apache app...
19:57:43  [Apache] 	Status change detected: running
19:57:43  [mysql] 	Attempting to start MySQL app...
19:57:43  [mysql] 	Status change detected: running
04:38:10  [mysql] 	Attempting to stop MySQL app...
04:38:10  [mysql] 	Status change detected: stopped
04:38:12  [Apache] 	Attempting to stop Apache (PID: 16148)
04:38:12  [Apache] 	Attempting to stop Apache (PID: 11220)
04:38:12  [Apache] 	Status change detected: stopped
21:40:26  [Apache] 	Status change detected: running
21:40:26  [mysql] 	Status change detected: running
21:40:37  [Apache] 	Status change detected: stopped
21:40:43  [Apache] 	Status change detected: running
21:40:46  [mysql] 	Status change detected: stopped
21:40:47  [mysql] 	Status change detected: running
03:32:57  [mysql] 	Attempting to stop MySQL app...
03:32:57  [mysql] 	Status change detected: stopped
03:33:06  [Apache] 	Attempting to stop Apache (PID: 12096)
03:33:06  [Apache] 	Attempting to stop Apache (PID: 20660)
03:33:06  [Apache] 	Status change detected: stopped
18:16:13  [Apache] 	Status change detected: running
18:16:15  [mysql] 	Status change detected: running
20:09:03  [Apache] 	Status change detected: stopped
20:09:03  [mysql] 	Status change detected: stopped
20:53:57  [main] 	Deinitializing Modules
20:53:57  [main] 	Deinitializing Control Panel

18:16:10  [main] 	Initializing Control Panel
18:16:10  [main] 	Windows Version:  Home  64-bit
18:16:10  [main] 	XAMPP Version: 5.6.38
18:16:10  [main] 	Control Panel Version: 3.2.2  [ Compiled: Nov 12th 2015 ]
18:16:10  [main] 	You are not running with administrator rights! This will work for
18:16:10  [main] 	most application stuff but whenever you do something with services
18:16:10  [main] 	there will be a security dialogue or things will break! So think 
18:16:10  [main] 	about running this application with administrator rights!
18:16:10  [main] 	XAMPP Installation Directory: "c:\users\akhan\downloads\xampp-win32-5.6.38-0-vc11\xampp\"
18:16:10  [main] 	Checking for prerequisites
18:16:11  [main] 	All prerequisites found
18:16:11  [main] 	Initializing Modules
18:16:11  [main] 	Starting Check-Timer
18:16:11  [main] 	Control Panel Ready
18:16:13  [Apache] 	Attempting to start Apache app...
18:16:13  [Apache] 	Status change detected: running
18:16:14  [mysql] 	Attempting to start MySQL app...
18:16:15  [mysql] 	Status change detected: running
20:09:03  [Apache] 	Attempting to stop Apache (PID: 28588)
20:09:03  [Apache] 	Attempting to stop Apache (PID: 3384)
20:09:03  [Apache] 	Status change detected: stopped
20:09:03  [mysql] 	Attempting to stop MySQL app...
20:09:04  [mysql] 	Status change detected: stopped
20:53:59  [main] 	Deinitializing Modules
20:53:59  [main] 	Deinitializing Control Panel

02:53:04  [main] 	Initializing Control Panel
02:53:04  [main] 	Windows Version:  Home  64-bit
02:53:04  [main] 	XAMPP Version: 5.6.38
02:53:04  [main] 	Control Panel Version: 3.2.2  [ Compiled: Nov 12th 2015 ]
02:53:04  [main] 	You are not running with administrator rights! This will work for
02:53:04  [main] 	most application stuff but whenever you do something with services
02:53:04  [main] 	there will be a security dialogue or things will break! So think 
02:53:04  [main] 	about running this application with administrator rights!
02:53:04  [main] 	XAMPP Installation Directory: "c:\users\akhan\downloads\xampp-win32-5.6.38-0-vc11\xampp\"
02:53:04  [main] 	Checking for prerequisites
02:53:05  [main] 	All prerequisites found
02:53:05  [main] 	Initializing Modules
02:53:05  [main] 	Starting Check-Timer
02:53:05  [main] 	Control Panel Ready
02:53:07  [Apache] 	Attempting to start Apache app...
02:53:07  [Apache] 	Status change detected: running
02:53:08  [mysql] 	Attempting to start MySQL app...
02:53:08  [mysql] 	Status change detected: running
04:42:02  [mysql] 	Attempting to stop MySQL app...
04:42:02  [mysql] 	Status change detected: stopped
04:42:03  [Apache] 	Attempting to stop Apache (PID: 26116)
04:42:03  [Apache] 	Attempting to stop Apache (PID: 25024)
04:42:03  [Apache] 	Status change detected: stopped
23:39:49  [Apache] 	Status change detected: running
23:39:52  [mysql] 	Status change detected: running
04:26:18  [Apache] 	Status change detected: stopped
04:26:19  [mysql] 	Status change detected: stopped
04:26:23  [main] 	Deinitializing Modules
04:26:23  [main] 	Deinitializing Control Panel

23:39:36  [main] 	Initializing Control Panel
23:39:36  [main] 	Windows Version:  Home  64-bit
23:39:36  [main] 	XAMPP Version: 5.6.38
23:39:36  [main] 	Control Panel Version: 3.2.2  [ Compiled: Nov 12th 2015 ]
23:39:36  [main] 	You are not running with administrator rights! This will work for
23:39:36  [main] 	most application stuff but whenever you do something with services
23:39:36  [main] 	there will be a security dialogue or things will break! So think 
23:39:36  [main] 	about running this application with administrator rights!
23:39:36  [main] 	XAMPP Installation Directory: "c:\users\akhan\downloads\xampp-win32-5.6.38-0-vc11\xampp\"
23:39:36  [main] 	Checking for prerequisites
23:39:36  [main] 	All prerequisites found
23:39:36  [main] 	Initializing Modules
23:39:36  [main] 	Starting Check-Timer
23:39:36  [main] 	Control Panel Ready
23:39:49  [Apache] 	Attempting to start Apache app...
23:39:49  [Apache] 	Attempting to start Apache app...
23:39:49  [Apache] 	Status change detected: running
23:39:51  [mysql] 	Attempting to start MySQL app...
23:39:52  [mysql] 	Status change detected: running
04:26:18  [Apache] 	Attempting to stop Apache (PID: 16956)
04:26:18  [Apache] 	Attempting to stop Apache (PID: 21552)
04:26:18  [Apache] 	Status change detected: stopped
04:26:19  [mysql] 	Attempting to stop MySQL app...
04:26:19  [mysql] 	Status change detected: stopped
04:26:25  [main] 	Deinitializing Modules
04:26:25  [main] 	Deinitializing Control Panel

23:42:31  [main] 	Initializing Control Panel
23:42:31  [main] 	Windows Version:  Home  64-bit
23:42:31  [main] 	XAMPP Version: 5.6.38
23:42:31  [main] 	Control Panel Version: 3.2.2  [ Compiled: Nov 12th 2015 ]
23:42:31  [main] 	You are not running with administrator rights! This will work for
23:42:31  [main] 	most application stuff but whenever you do something with services
23:42:31  [main] 	there will be a security dialogue or things will break! So think 
23:42:31  [main] 	about running this application with administrator rights!
23:42:31  [main] 	XAMPP Installation Directory: "c:\users\akhan\downloads\xampp-win32-5.6.38-0-vc11\xampp\"
23:42:31  [main] 	Checking for prerequisites
23:42:32  [main] 	All prerequisites found
23:42:32  [main] 	Initializing Modules
23:42:32  [main] 	Starting Check-Timer
23:42:32  [main] 	Control Panel Ready
23:42:39  [Apache] 	Attempting to start Apache app...
23:42:39  [Apache] 	Status change detected: running
23:42:40  [mysql] 	Attempting to start MySQL app...
23:42:40  [mysql] 	Status change detected: running
02:09:09  [main] 	Deinitializing Modules
02:09:09  [main] 	Deinitializing Control Panel

02:50:42  [main] 	Initializing Control Panel
02:50:42  [main] 	Windows Version:  Home  64-bit
02:50:42  [main] 	XAMPP Version: 5.6.38
02:50:42  [main] 	Control Panel Version: 3.2.2  [ Compiled: Nov 12th 2015 ]
02:50:42  [main] 	You are not running with administrator rights! This will work for
02:50:42  [main] 	most application stuff but whenever you do something with services
02:50:42  [main] 	there will be a security dialogue or things will break! So think 
02:50:42  [main] 	about running this application with administrator rights!
02:50:42  [main] 	XAMPP Installation Directory: "c:\users\akhan\downloads\xampp-win32-5.6.38-0-vc11\xampp\"
02:50:42  [main] 	Checking for prerequisites
02:50:42  [main] 	All prerequisites found
02:50:42  [main] 	Initializing Modules
02:50:42  [main] 	Starting Check-Timer
02:50:42  [main] 	Control Panel Ready
02:50:45  [Apache] 	Attempting to start Apache app...
02:50:46  [Apache] 	Status change detected: running
02:50:46  [mysql] 	Attempting to start MySQL app...
02:50:46  [mysql] 	Status change detected: running
03:55:29  [Apache] 	Attempting to stop Apache (PID: 19660)
03:55:29  [Apache] 	Attempting to stop Apache (PID: 2120)
03:55:29  [Apache] 	Status change detected: stopped
03:55:32  [mysql] 	Attempting to stop MySQL app...
03:55:32  [mysql] 	Status change detected: stopped
03:55:47  [main] 	Deinitializing Modules
03:55:47  [main] 	Deinitializing Control Panel

00:16:24  [main] 	Initializing Control Panel
00:16:24  [main] 	Windows Version:  Home  64-bit
00:16:24  [main] 	XAMPP Version: 5.6.38
00:16:24  [main] 	Control Panel Version: 3.2.2  [ Compiled: Nov 12th 2015 ]
00:16:24  [main] 	You are not running with administrator rights! This will work for
00:16:24  [main] 	most application stuff but whenever you do something with services
00:16:24  [main] 	there will be a security dialogue or things will break! So think 
00:16:24  [main] 	about running this application with administrator rights!
00:16:24  [main] 	XAMPP Installation Directory: "c:\users\akhan\downloads\xampp-win32-5.6.38-0-vc11\xampp\"
00:16:24  [main] 	Checking for prerequisites
00:16:25  [main] 	All prerequisites found
00:16:25  [main] 	Initializing Modules
00:16:25  [main] 	Starting Check-Timer
00:16:25  [main] 	Control Panel Ready
00:16:29  [Apache] 	Attempting to start Apache app...
00:16:30  [Apache] 	Status change detected: running
00:16:30  [mysql] 	Attempting to start MySQL app...
00:16:30  [mysql] 	Status change detected: running
02:24:27  [Apache] 	Attempting to stop Apache (PID: 18764)
02:24:27  [Apache] 	Attempting to stop Apache (PID: 3728)
02:24:27  [Apache] 	Status change detected: stopped
02:24:28  [mysql] 	Attempting to stop MySQL app...
02:24:28  [mysql] 	Status change detected: stopped
05:27:28  [main] 	Deinitializing Modules
05:27:28  [main] 	Deinitializing Control Panel

21:40:06  [main] 	Initializing Control Panel
21:40:06  [main] 	Windows Version:  Home  64-bit
21:40:06  [main] 	XAMPP Version: 5.6.38
21:40:06  [main] 	Control Panel Version: 3.2.2  [ Compiled: Nov 12th 2015 ]
21:40:06  [main] 	You are not running with administrator rights! This will work for
21:40:06  [main] 	most application stuff but whenever you do something with services
21:40:06  [main] 	there will be a security dialogue or things will break! So think 
21:40:06  [main] 	about running this application with administrator rights!
21:40:06  [main] 	XAMPP Installation Directory: "c:\users\akhan\downloads\xampp-win32-5.6.38-0-vc11\xampp\"
21:40:06  [main] 	Checking for prerequisites
21:40:07  [main] 	All prerequisites found
21:40:07  [main] 	Initializing Modules
21:40:07  [main] 	Starting Check-Timer
21:40:07  [main] 	Control Panel Ready
21:40:10  [Apache] 	Attempting to start Apache app...
21:40:11  [Apache] 	Status change detected: running
21:40:14  [mysql] 	Attempting to start MySQL app...
21:40:14  [mysql] 	Status change detected: running
01:59:16  [Apache] 	Attempting to stop Apache (PID: 27736)
01:59:16  [Apache] 	Attempting to stop Apache (PID: 30964)
01:59:17  [Apache] 	Status change detected: stopped
01:59:17  [mysql] 	Attempting to stop MySQL app...
01:59:19  [mysql] 	Status change detected: stopped
01:59:24  [main] 	Deinitializing Modules
01:59:24  [main] 	Deinitializing Control Panel

22:25:16  [main] 	Initializing Control Panel
22:25:16  [main] 	Windows Version:  Home  64-bit
22:25:16  [main] 	XAMPP Version: 5.6.38
22:25:16  [main] 	Control Panel Version: 3.2.2  [ Compiled: Nov 12th 2015 ]
22:25:16  [main] 	You are not running with administrator rights! This will work for
22:25:16  [main] 	most application stuff but whenever you do something with services
22:25:16  [main] 	there will be a security dialogue or things will break! So think 
22:25:16  [main] 	about running this application with administrator rights!
22:25:16  [main] 	XAMPP Installation Directory: "c:\users\akhan\downloads\xampp-win32-5.6.38-0-vc11\xampp\"
22:25:16  [main] 	Checking for prerequisites
22:25:17  [main] 	All prerequisites found
22:25:17  [main] 	Initializing Modules
22:25:17  [mysql] 	XAMPP MySQL is already running on port 3306
22:25:17  [main] 	Starting Check-Timer
22:25:17  [main] 	Control Panel Ready
22:25:35  [Apache] 	Attempting to start Apache app...
22:25:35  [Apache] 	Status change detected: running
22:49:56  [Apache] 	Attempting to stop Apache (PID: 26972)
22:49:56  [Apache] 	Attempting to stop Apache (PID: 14484)
22:49:56  [Apache] 	Status change detected: stopped
22:50:01  [mysql] 	Attempting to stop MySQL app...
22:50:02  [mysql] 	Status change detected: stopped
22:50:04  [main] 	Deinitializing Modules
22:50:04  [main] 	Deinitializing Control Panel

21:27:54  [main] 	Initializing Control Panel
21:27:54  [main] 	Windows Version:  Home  64-bit
21:27:54  [main] 	XAMPP Version: 5.6.38
21:27:54  [main] 	Control Panel Version: 3.2.2  [ Compiled: Nov 12th 2015 ]
21:27:54  [main] 	You are not running with administrator rights! This will work for
21:27:54  [main] 	most application stuff but whenever you do something with services
21:27:54  [main] 	there will be a security dialogue or things will break! So think 
21:27:54  [main] 	about running this application with administrator rights!
21:27:54  [main] 	XAMPP Installation Directory: "c:\users\akhan\downloads\xampp-win32-5.6.38-0-vc11\xampp\"
21:27:54  [main] 	Checking for prerequisites
21:27:56  [main] 	All prerequisites found
21:27:56  [main] 	Initializing Modules
21:27:56  [Apache] 	XAMPP Apache is already running on port 80
21:27:56  [Apache] 	XAMPP Apache is already running on port 443
21:27:56  [mysql] 	XAMPP MySQL is already running on port 3306
21:27:56  [main] 	Starting Check-Timer
21:27:56  [main] 	Control Panel Ready
21:31:37  [Apache] 	Attempting to stop Apache (PID: 18988)
21:31:37  [Apache] 	Status change detected: stopped
21:31:37  [mysql] 	Attempting to stop MySQL app...
21:31:39  [mysql] 	Status change detected: stopped
21:32:17  [Apache] 	Status change detected: running
21:32:18  [mysql] 	Status change detected: running
21:42:50  [Apache] 	Status change detected: stopped
21:42:51  [mysql] 	Status change detected: stopped
20:27:49  [main] 	Deinitializing Modules
20:27:49  [main] 	Deinitializing Control Panel

20:53:22  [main] 	Initializing Control Panel
20:53:22  [main] 	Windows Version:  Home  64-bit
20:53:22  [main] 	XAMPP Version: 5.6.38
20:53:22  [main] 	Control Panel Version: 3.2.2  [ Compiled: Nov 12th 2015 ]
20:53:22  [main] 	You are not running with administrator rights! This will work for
20:53:22  [main] 	most application stuff but whenever you do something with services
20:53:22  [main] 	there will be a security dialogue or things will break! So think 
20:53:22  [main] 	about running this application with administrator rights!
20:53:22  [main] 	XAMPP Installation Directory: "c:\users\akhan\downloads\xampp-win32-5.6.38-0-vc11\xampp\"
20:53:22  [main] 	Checking for prerequisites
20:53:24  [main] 	All prerequisites found
20:53:24  [main] 	Initializing Modules
20:53:24  [main] 	Starting Check-Timer
20:53:24  [main] 	Control Panel Ready
21:01:02  [Apache] 	Attempting to start Apache app...
21:01:02  [Apache] 	Status change detected: running
21:01:03  [mysql] 	Attempting to start MySQL app...
21:01:03  [mysql] 	Status change detected: running
21:57:40  [Apache] 	Attempting to stop Apache (PID: 14620)
21:57:40  [Apache] 	Attempting to stop Apache (PID: 8372)
21:57:40  [Apache] 	Status change detected: stopped
21:57:41  [mysql] 	Attempting to stop MySQL app...
21:57:41  [mysql] 	Status change detected: stopped
05:44:33  [main] 	Deinitializing Modules
05:44:33  [main] 	Deinitializing Control Panel

01:07:17  [main] 	Initializing Control Panel
01:07:17  [main] 	Windows Version:  Home  64-bit
01:07:17  [main] 	XAMPP Version: 5.6.38
01:07:17  [main] 	Control Panel Version: 3.2.2  [ Compiled: Nov 12th 2015 ]
01:07:17  [main] 	You are not running with administrator rights! This will work for
01:07:17  [main] 	most application stuff but whenever you do something with services
01:07:17  [main] 	there will be a security dialogue or things will break! So think 
01:07:17  [main] 	about running this application with administrator rights!
01:07:17  [main] 	XAMPP Installation Directory: "c:\users\akhan\downloads\xampp-win32-5.6.38-0-vc11\xampp\"
01:07:17  [main] 	Checking for prerequisites
01:07:17  [main] 	All prerequisites found
01:07:17  [main] 	Initializing Modules
01:07:17  [main] 	Starting Check-Timer
01:07:17  [main] 	Control Panel Ready
01:07:28  [Apache] 	Attempting to start Apache app...
01:07:28  [Apache] 	Status change detected: running
01:07:29  [mysql] 	Attempting to start MySQL app...
01:07:29  [mysql] 	Status change detected: running
01:32:19  [Apache] 	Attempting to stop Apache (PID: 4920)
01:32:19  [Apache] 	Attempting to stop Apache (PID: 10004)
01:32:19  [Apache] 	Status change detected: stopped
01:32:20  [mysql] 	Attempting to stop MySQL app...
01:32:20  [mysql] 	Status change detected: stopped
01:32:22  [main] 	Deinitializing Modules
01:32:22  [main] 	Deinitializing Control Panel

